<?xml version="1.0" encoding="UTF-8"?>
<!-- Generated by org.testng.reporters.JUnitReportReporter -->
<testsuite skipped="0" hostname="DESKTOP-0FB6G0P" name="runner.Runner" tests="1" failures="0" timestamp="13 Feb 2020 04:24:47 GMT" time="13.270" errors="0">
  <testcase name="feature" time="13.270" classname="runner.Runner"/>
</testsuite> <!-- runner.Runner -->
